<?xml version="1.0" encoding="UTF-8"?>
<testsuite xmlns:xsi="http://www.w3.org/2001/XMLSchema-instance" xsi:noNamespaceSchemaLocation="https://maven.apache.org/surefire/maven-surefire-plugin/xsd/surefire-test-report-3.0.xsd" version="3.0" name="com.example.keycloak.AppTest" time="0.022" tests="1" errors="0" skipped="0" failures="0">
  <properties>
    <property name="java.specification.version" value="23"/>
    <property name="sun.jnu.encoding" value="UTF-8"/>
    <property name="java.class.path" value="/Users/armanyilmazkurt/Desktop/login-listener/login-listener/target/test-classes:/Users/armanyilmazkurt/Desktop/login-listener/login-listener/target/classes:/Users/armanyilmazkurt/.m2/repository/org/keycloak/keycloak-server-spi/25.0.2/keycloak-server-spi-25.0.2.jar:/Users/armanyilmazkurt/.m2/repository/org/keycloak/keycloak-server-spi-private/25.0.2/keycloak-server-spi-private-25.0.2.jar:/Users/armanyilmazkurt/.m2/repository/org/apache/httpcomponents/httpclient/4.5.14/httpclient-4.5.14.jar:/Users/armanyilmazkurt/.m2/repository/org/apache/httpcomponents/httpcore/4.4.16/httpcore-4.4.16.jar:/Users/armanyilmazkurt/.m2/repository/commons-codec/commons-codec/1.11/commons-codec-1.11.jar:/Users/armanyilmazkurt/.m2/repository/org/keycloak/keycloak-common/25.0.2/keycloak-common-25.0.2.jar:/Users/armanyilmazkurt/.m2/repository/jakarta/activation/jakarta.activation-api/2.1.2/jakarta.activation-api-2.1.2.jar:/Users/armanyilmazkurt/.m2/repository/org/keycloak/keycloak-core/25.0.2/keycloak-core-25.0.2.jar:/Users/armanyilmazkurt/.m2/repository/com/fasterxml/jackson/core/jackson-core/2.17.0/jackson-core-2.17.0.jar:/Users/armanyilmazkurt/.m2/repository/com/fasterxml/jackson/core/jackson-databind/2.17.0/jackson-databind-2.17.0.jar:/Users/armanyilmazkurt/.m2/repository/com/fasterxml/jackson/core/jackson-annotations/2.17.0/jackson-annotations-2.17.0.jar:/Users/armanyilmazkurt/.m2/repository/net/bytebuddy/byte-buddy/1.14.9/byte-buddy-1.14.9.jar:/Users/armanyilmazkurt/.m2/repository/com/fasterxml/jackson/datatype/jackson-datatype-jdk8/2.17.0/jackson-datatype-jdk8-2.17.0.jar:/Users/armanyilmazkurt/.m2/repository/org/eclipse/microprofile/openapi/microprofile-openapi-api/3.1.1/microprofile-openapi-api-3.1.1.jar:/Users/armanyilmazkurt/.m2/repository/junit/junit/4.13.2/junit-4.13.2.jar:/Users/armanyilmazkurt/.m2/repository/org/hamcrest/hamcrest-core/1.3/hamcrest-core-1.3.jar:/Users/armanyilmazkurt/.m2/repository/org/jboss/logging/jboss-logging/3.4.1.Final/jboss-logging-3.4.1.Final.jar:/Users/armanyilmazkurt/.m2/repository/com/sun/mail/javax.mail/1.6.2/javax.mail-1.6.2.jar:/Users/armanyilmazkurt/.m2/repository/javax/activation/activation/1.1/activation-1.1.jar:"/>
    <property name="java.vm.vendor" value="Homebrew"/>
    <property name="sun.arch.data.model" value="64"/>
    <property name="java.vendor.url" value="https://github.com/Homebrew/homebrew-core/issues"/>
    <property name="os.name" value="Mac OS X"/>
    <property name="java.vm.specification.version" value="23"/>
    <property name="sun.java.launcher" value="SUN_STANDARD"/>
    <property name="user.country" value="TR"/>
    <property name="sun.boot.library.path" value="/opt/homebrew/Cellar/openjdk/23/libexec/openjdk.jdk/Contents/Home/lib"/>
    <property name="sun.java.command" value="/Users/armanyilmazkurt/Desktop/login-listener/login-listener/target/surefire/surefirebooter-20241107001326580_3.jar /Users/armanyilmazkurt/Desktop/login-listener/login-listener/target/surefire 2024-11-07T00-13-26_534-jvmRun1 surefire-20241107001326580_1tmp surefire_0-20241107001326580_2tmp"/>
    <property name="jdk.debug" value="release"/>
    <property name="surefire.test.class.path" value="/Users/armanyilmazkurt/Desktop/login-listener/login-listener/target/test-classes:/Users/armanyilmazkurt/Desktop/login-listener/login-listener/target/classes:/Users/armanyilmazkurt/.m2/repository/org/keycloak/keycloak-server-spi/25.0.2/keycloak-server-spi-25.0.2.jar:/Users/armanyilmazkurt/.m2/repository/org/keycloak/keycloak-server-spi-private/25.0.2/keycloak-server-spi-private-25.0.2.jar:/Users/armanyilmazkurt/.m2/repository/org/apache/httpcomponents/httpclient/4.5.14/httpclient-4.5.14.jar:/Users/armanyilmazkurt/.m2/repository/org/apache/httpcomponents/httpcore/4.4.16/httpcore-4.4.16.jar:/Users/armanyilmazkurt/.m2/repository/commons-codec/commons-codec/1.11/commons-codec-1.11.jar:/Users/armanyilmazkurt/.m2/repository/org/keycloak/keycloak-common/25.0.2/keycloak-common-25.0.2.jar:/Users/armanyilmazkurt/.m2/repository/jakarta/activation/jakarta.activation-api/2.1.2/jakarta.activation-api-2.1.2.jar:/Users/armanyilmazkurt/.m2/repository/org/keycloak/keycloak-core/25.0.2/keycloak-core-25.0.2.jar:/Users/armanyilmazkurt/.m2/repository/com/fasterxml/jackson/core/jackson-core/2.17.0/jackson-core-2.17.0.jar:/Users/armanyilmazkurt/.m2/repository/com/fasterxml/jackson/core/jackson-databind/2.17.0/jackson-databind-2.17.0.jar:/Users/armanyilmazkurt/.m2/repository/com/fasterxml/jackson/core/jackson-annotations/2.17.0/jackson-annotations-2.17.0.jar:/Users/armanyilmazkurt/.m2/repository/net/bytebuddy/byte-buddy/1.14.9/byte-buddy-1.14.9.jar:/Users/armanyilmazkurt/.m2/repository/com/fasterxml/jackson/datatype/jackson-datatype-jdk8/2.17.0/jackson-datatype-jdk8-2.17.0.jar:/Users/armanyilmazkurt/.m2/repository/org/eclipse/microprofile/openapi/microprofile-openapi-api/3.1.1/microprofile-openapi-api-3.1.1.jar:/Users/armanyilmazkurt/.m2/repository/junit/junit/4.13.2/junit-4.13.2.jar:/Users/armanyilmazkurt/.m2/repository/org/hamcrest/hamcrest-core/1.3/hamcrest-core-1.3.jar:/Users/armanyilmazkurt/.m2/repository/org/jboss/logging/jboss-logging/3.4.1.Final/jboss-logging-3.4.1.Final.jar:/Users/armanyilmazkurt/.m2/repository/com/sun/mail/javax.mail/1.6.2/javax.mail-1.6.2.jar:/Users/armanyilmazkurt/.m2/repository/javax/activation/activation/1.1/activation-1.1.jar:"/>
    <property name="sun.cpu.endian" value="little"/>
    <property name="user.home" value="/Users/armanyilmazkurt"/>
    <property name="user.language" value="tr"/>
    <property name="java.specification.vendor" value="Oracle Corporation"/>
    <property name="java.version.date" value="2024-09-17"/>
    <property name="java.home" value="/opt/homebrew/Cellar/openjdk/23/libexec/openjdk.jdk/Contents/Home"/>
    <property name="file.separator" value="/"/>
    <property name="basedir" value="/Users/armanyilmazkurt/Desktop/login-listener/login-listener"/>
    <property name="java.vm.compressedOopsMode" value="Zero based"/>
    <property name="line.separator" value="&#10;"/>
    <property name="java.specification.name" value="Java Platform API Specification"/>
    <property name="java.vm.specification.vendor" value="Oracle Corporation"/>
    <property name="apple.awt.application.name" value="ForkedBooter"/>
    <property name="surefire.real.class.path" value="/Users/armanyilmazkurt/Desktop/login-listener/login-listener/target/surefire/surefirebooter-20241107001326580_3.jar"/>
    <property name="sun.management.compiler" value="HotSpot 64-Bit Tiered Compilers"/>
    <property name="java.runtime.version" value="23"/>
    <property name="user.name" value="armanyilmazkurt"/>
    <property name="stdout.encoding" value="UTF-8"/>
    <property name="path.separator" value=":"/>
    <property name="os.version" value="14.6.1"/>
    <property name="java.runtime.name" value="OpenJDK Runtime Environment"/>
    <property name="file.encoding" value="UTF-8"/>
    <property name="java.vm.name" value="OpenJDK 64-Bit Server VM"/>
    <property name="java.vendor.version" value="Homebrew"/>
    <property name="localRepository" value="/Users/armanyilmazkurt/.m2/repository"/>
    <property name="java.vendor.url.bug" value="https://github.com/Homebrew/homebrew-core/issues"/>
    <property name="java.io.tmpdir" value="/var/folders/mt/6xn31cg10jq59w4kvhtjcz600000gn/T/"/>
    <property name="java.version" value="23"/>
    <property name="user.dir" value="/Users/armanyilmazkurt/Desktop/login-listener/login-listener"/>
    <property name="os.arch" value="aarch64"/>
    <property name="java.vm.specification.name" value="Java Virtual Machine Specification"/>
    <property name="native.encoding" value="UTF-8"/>
    <property name="java.library.path" value="/Users/armanyilmazkurt/Library/Java/Extensions:/Library/Java/Extensions:/Network/Library/Java/Extensions:/System/Library/Java/Extensions:/usr/lib/java:."/>
    <property name="java.vm.info" value="mixed mode, sharing"/>
    <property name="stderr.encoding" value="UTF-8"/>
    <property name="java.vendor" value="Homebrew"/>
    <property name="java.vm.version" value="23"/>
    <property name="sun.io.unicode.encoding" value="UnicodeBig"/>
    <property name="java.class.version" value="67.0"/>
  </properties>
  <testcase name="testApp" classname="com.example.keycloak.AppTest" time="0.002"/>
</testsuite>